#
# A fatal error has been detected by the Java Runtime Environment:
#
#  SIGSEGV (0xb) at pc=0x0000000108044e30, pid=43715, tid=0x0000000000017403
#
# JRE version: Java(TM) SE Runtime Environment (8.0_221-b11) (build 1.8.0_221-b11)
# Java VM: Java HotSpot(TM) 64-Bit Server VM (25.221-b11 mixed mode bsd-amd64 compressed oops)
# Problematic frame:
# V  [libjvm.dylib+0x244e30]  Exceptions::throw_stack_overflow_exception(Thread*, char const*, int, methodHandle)+0xa8
#
# Failed to write core dump. Core dumps have been disabled. To enable core dumping, try "ulimit -c unlimited" before starting Java again
#
# If you would like to submit a bug report, please visit:
#   http://bugreport.java.com/bugreport/crash.jsp
#

---------------  T H R E A D  ---------------

Current thread is native thread

siginfo: si_signo: 11 (SIGSEGV), si_code: 1 (SEGV_MAPERR), si_addr: 0x0000000000000140

Registers:
RAX=0x0000000000000000, RBX=0x0000000162175510, RCX=0x00007f9875524b30, RDX=0x0000000000000000
RSP=0x0000700010d2cd60, RBP=0x0000700010d2cda0, RSI=0x0000000000000008, RDI=0x000000000000010c
R8 =0x00007f9876057800, R9 =0x0000700010d2d0d8, R10=0x000000000000000f, R11=0x00007f97d2b34ca0
R12=0x0000000108402531, R13=0x00007f9876057800, R14=0x00007f9875524b28, R15=0x0000000000000182
RIP=0x0000000108044e30, EFLAGS=0x0000000000010202, ERR=0x0000000000000004
  TRAPNO=0x000000000000000e

Top of Stack: (sp=0x0000700010d2cd60)
0x0000700010d2cd60:   0000000162175510 0000000000000000
0x0000700010d2cd70:   0000000162175510 0000000162175510
0x0000700010d2cd80:   00007f9876057800 0000700010d2d020
0x0000700010d2cd90:   00007f9876057800 000000000000000a
0x0000700010d2cda0:   0000700010d2cf50 00000001080f0bcc
0x0000700010d2cdb0:   0000700010d2cfb0 00007fff6d36676f
0x0000700010d2cdc0:   0000700010d2ce00 0000700010d2d120
0x0000700010d2cdd0:   00007f9875524b20 000000010936af20
0x0000700010d2cde0:   0000002000000000 0000700010d2cf80
0x0000700010d2cdf0:   0000700010d2d118 00007f9876057800
0x0000700010d2ce00:   00007fff6d366e2d 00007fff939fd7e0
0x0000700010d2ce10:   0000700010d2cdd0 0000000000000000
0x0000700010d2ce20:   0000000000000000 0000000000000015
0x0000700010d2ce30:   00007f97d28bd6a0 00007f97d28bd6a0
0x0000700010d2ce40:   0000000000000140 0000000105c6f600
0x0000700010d2ce50:   0000700010d2cee0 00007fff6d4e72d6
0x0000700010d2ce60:   00007f97d28a0c90 00007f97d28a0c90
0x0000700010d2ce70:   0000000000000140 0000000100000006
0x0000700010d2ce80:   0000000110d2cf10 0000000162175510
0x0000700010d2ce90:   00007f9876057800 0000000000000008
0x0000700010d2cea0:   0000000000000001 0000000000000008
0x0000700010d2ceb0:   00007f97c5769a00 0000000162175510
0x0000700010d2cec0:   00007f9876057800 0000000162175510
0x0000700010d2ced0:   00007f9876057800 00007fff6d4e72d6
0x0000700010d2cee0:   0000700010d2cf10 0000000162175510
0x0000700010d2cef0:   0000000100000000 00007f9700000006
0x0000700010d2cf00:   0000000162175510 0000000162175510
0x0000700010d2cf10:   000000010936af20 0000700010d2d020
0x0000700010d2cf20:   0000000162175510 0000700010d2d0d8
0x0000700010d2cf30:   00007f9876057800 0000700010d2d020
0x0000700010d2cf40:   0000000162175510 000000010812931c
0x0000700010d2cf50:   0000700010d2d0c0 000000010812805c 

Instructions: (pc=0x0000000108044e30)
0x0000000108044e10:   c7 45 c8 00 00 00 00 74 27 48 8d 05 80 b8 5f 00
0x0000000108044e20:   48 63 38 e8 d0 c3 38 00 48 89 45 c8 48 89 5d d0
0x0000000108044e30:   48 8b b8 40 01 00 00 48 8d 75 d0 e8 80 15 f3 ff
0x0000000108044e40:   48 8d 75 c0 4c 89 f7 e8 ae 1f 0b 00 48 8b 45 c0 

Register to memory mapping:

RAX=0x0000000000000000 is an unknown value
RBX={method} {0x0000000162175510} 'drawInCGLContext' '()V' in 'sun/java2d/opengl/CGLLayer'
RCX=0x00007f9875524b30 is an unknown value
RDX=0x0000000000000000 is an unknown value
RSP=0x0000700010d2cd60 is an unknown value
RBP=0x0000700010d2cda0 is an unknown value
RSI=0x0000000000000008 is an unknown value
RDI=0x000000000000010c is an unknown value
R8 =0x00007f9876057800 is a thread
R9 =0x0000700010d2d0d8 is an unknown value
R10=0x000000000000000f is an unknown value
R11=0x00007f97d2b34ca0 is an unknown value
R12=0x0000000108402531: _ZL24decode_instructions_name+0x13ea1 in /Library/Java/JavaVirtualMachines/jdk1.8.0_221.jdk/Contents/Home/jre/lib/server/libjvm.dylib at 0x0000000107e00000
R13=0x00007f9876057800 is a thread
R14=0x00007f9875524b28 is an unknown value
R15=0x0000000000000182 is an unknown value


Stack: [0x0000700010caf000,0x0000700010d2f000],  sp=0x0000700010d2cd60,  free space=503k
Native frames: (J=compiled Java code, j=interpreted, Vv=VM code, C=native code)
V  [libjvm.dylib+0x244e30]  Exceptions::throw_stack_overflow_exception(Thread*, char const*, int, methodHandle)+0xa8
V  [libjvm.dylib+0x2f0bcc]  JavaCalls::call_helper(JavaValue*, methodHandle*, JavaCallArguments*, Thread*)+0x55c
V  [libjvm.dylib+0x32805c]  jni_invoke_nonstatic(JNIEnv_*, JavaValue*, _jobject*, JNICallType, _jmethodID*, JNI_ArgumentPusher*, Thread*)+0x2ec
V  [libjvm.dylib+0x31a989]  jni_CallVoidMethodV+0xf8
C  [JavaNativeFoundation+0x39c2]  JNFCallVoidMethod+0xaf
C  [libawt_lwawt.dylib+0x1bbd6]  -[CGLLayer drawInCGLContext:pixelFormat:forLayerTime:displayTime:]+0x11f
C  [QuartzCore+0xc25e5]  CAOpenGLLayerDraw(CAOpenGLLayer*, double, CVTimeStamp const*, unsigned int)+0x7a4
C  [QuartzCore+0xc1c66]  -[CAOpenGLLayer _display]+0x244
C  [QuartzCore+0x25e09]  CA::Layer::display_if_needed(CA::Transaction*)+0x2f5
C  [QuartzCore+0x4106]  CA::Context::commit_transaction(CA::Transaction*, double)+0x14e
C  [QuartzCore+0x2cf0]  CA::Transaction::commit()+0x284
C  [DFRFoundation+0xa8b2]  DFRElementSetCAContextHostProcessId+0x6f
C  [DFRFoundation+0xac50]  __29-[DFRElement _initWithAttrs:]_block_invoke+0x8a
C  [libdispatch.dylib+0x16c4]  _dispatch_call_block_and_release+0xc
C  [libdispatch.dylib+0x2658]  _dispatch_client_callout+0x8
C  [libdispatch.dylib+0x7c44]  _dispatch_lane_serial_drain+0x255
C  [libdispatch.dylib+0x85d6]  _dispatch_lane_invoke+0x16b
C  [libdispatch.dylib+0x11c09]  _dispatch_workloop_worker_thread+0x254
C  [libsystem_pthread.dylib+0x2a3d]  _pthread_wqthread+0x122
C  [libsystem_pthread.dylib+0x1b77]  start_wqthread+0xf


---------------  P R O C E S S  ---------------

VM state:not at safepoint (normal execution)

VM Mutex/Monitor currently owned by a thread: None

heap address: 0x00000005c0000000, size: 8192 MB, Compressed Oops mode: Zero based, Oop shift amount: 3
Narrow klass base: 0x0000000000000000, Narrow klass shift: 3
Compressed class space size: 1073741824 Address: 0x00000007c0000000

Heap:
 PSYoungGen      total 30720K, used 2458K [0x0000000715580000, 0x0000000717480000, 0x00000007c0000000)
  eden space 29696K, 7% used [0x0000000715580000,0x00000007157aeac8,0x0000000717280000)
  from space 1024K, 21% used [0x0000000717380000,0x00000007173b8000,0x0000000717480000)
  to   space 1024K, 0% used [0x0000000717280000,0x0000000717280000,0x0000000717380000)
 ParOldGen       total 156160K, used 37165K [0x00000005c0000000, 0x00000005c9880000, 0x0000000715580000)
  object space 156160K, 23% used [0x00000005c0000000,0x00000005c244b7f8,0x00000005c9880000)
 Metaspace       used 19958K, capacity 20516K, committed 20608K, reserved 1067008K
  class space    used 2480K, capacity 2638K, committed 2688K, reserved 1048576K

Card table byte_map: [0x0000000118324000,0x0000000119325000] byte_map_base: 0x0000000115524000

Marking Bits: (ParMarkBitMap*) 0x00000001086fbe40
 Begin Bits: [0x0000000119dd0000, 0x0000000121dd0000)
 End Bits:   [0x0000000121dd0000, 0x0000000129dd0000)

Polling page: 0x0000000105cd6000

CodeCache: size=245760Kb used=19615Kb max_used=19642Kb free=226144Kb
 bounds [0x0000000109324000, 0x000000010a684000, 0x0000000118324000]
 total_blobs=5933 nmethods=5326 adapters=515
 compilation: enabled

Compilation events (10 events):
Event: 22657.975 Thread 0x00007f9876012000 7015  s    3       java.util.Vector::removeElement (29 bytes)
Event: 22657.975 Thread 0x00007f9876012000 nmethod 7015 0x000000010a1c8a10 code [0x000000010a1c8ba0, 0x000000010a1c9138]
Event: 22670.621 Thread 0x00007f9875838800 7016       3       java.awt.AWTEventMulticaster::windowActivated (27 bytes)
Event: 22670.621 Thread 0x00007f9875838800 nmethod 7016 0x000000010a1c8210 code [0x000000010a1c83a0, 0x000000010a1c88b8]
Event: 22673.790 Thread 0x00007f9875841800 7017   !   3       java.awt.DefaultKeyboardFocusManager::typeAheadAssertions (352 bytes)
Event: 22673.792 Thread 0x00007f9875841800 nmethod 7017 0x000000010a66cc90 code [0x000000010a66d0e0, 0x000000010a66fab8]
Event: 22682.790 Thread 0x00007f987600f800 7018   !   4       Hack.Controller.HackController::miniStep (566 bytes)
Event: 22682.817 Thread 0x00007f987600f800 nmethod 7018 0x000000010a673910 code [0x000000010a673e00, 0x000000010a675ac8]
Event: 22684.401 Thread 0x00007f9876010800 7019       4       java.lang.Thread::run (17 bytes)
Event: 22684.407 Thread 0x00007f9876010800 nmethod 7019 0x000000010a1c7050 code [0x000000010a1c72a0, 0x000000010a1c7840]

GC Heap History (10 events):
Event: 22716.503 GC heap before
{Heap before GC invocations=1401 (full 5):
 PSYoungGen      total 31232K, used 29920K [0x0000000715580000, 0x0000000717580000, 0x00000007c0000000)
  eden space 29696K, 100% used [0x0000000715580000,0x0000000717280000,0x0000000717280000)
  from space 1536K, 14% used [0x0000000717280000,0x00000007172b8000,0x0000000717400000)
  to   space 1536K, 0% used [0x0000000717400000,0x0000000717400000,0x0000000717580000)
 ParOldGen       total 156160K, used 37093K [0x00000005c0000000, 0x00000005c9880000, 0x0000000715580000)
  object space 156160K, 23% used [0x00000005c0000000,0x00000005c24397f8,0x00000005c9880000)
 Metaspace       used 19958K, capacity 20516K, committed 20608K, reserved 1067008K
  class space    used 2480K, capacity 2638K, committed 2688K, reserved 1048576K
Event: 22716.506 GC heap after
Heap after GC invocations=1401 (full 5):
 PSYoungGen      total 30208K, used 224K [0x0000000715580000, 0x0000000717480000, 0x00000007c0000000)
  eden space 29696K, 0% used [0x0000000715580000,0x0000000715580000,0x0000000717280000)
  from space 512K, 43% used [0x0000000717400000,0x0000000717438000,0x0000000717480000)
  to   space 1024K, 0% used [0x0000000717280000,0x0000000717280000,0x0000000717380000)
 ParOldGen       total 156160K, used 37093K [0x00000005c0000000, 0x00000005c9880000, 0x0000000715580000)
  object space 156160K, 23% used [0x00000005c0000000,0x00000005c24397f8,0x00000005c9880000)
 Metaspace       used 19958K, capacity 20516K, committed 20608K, reserved 1067008K
  class space    used 2480K, capacity 2638K, committed 2688K, reserved 1048576K
}
Event: 22718.179 GC heap before
{Heap before GC invocations=1402 (full 5):
 PSYoungGen      total 30208K, used 29920K [0x0000000715580000, 0x0000000717480000, 0x00000007c0000000)
  eden space 29696K, 100% used [0x0000000715580000,0x0000000717280000,0x0000000717280000)
  from space 512K, 43% used [0x0000000717400000,0x0000000717438000,0x0000000717480000)
  to   space 1024K, 0% used [0x0000000717280000,0x0000000717280000,0x0000000717380000)
 ParOldGen       total 156160K, used 37093K [0x00000005c0000000, 0x00000005c9880000, 0x0000000715580000)
  object space 156160K, 23% used [0x00000005c0000000,0x00000005c24397f8,0x00000005c9880000)
 Metaspace       used 19958K, capacity 20516K, committed 20608K, reserved 1067008K
  class space    used 2480K, capacity 2638K, committed 2688K, reserved 1048576K
Event: 22718.183 GC heap after
Heap after GC invocations=1402 (full 5):
 PSYoungGen      total 30720K, used 192K [0x0000000715580000, 0x0000000717480000, 0x00000007c0000000)
  eden space 29696K, 0% used [0x0000000715580000,0x0000000715580000,0x0000000717280000)
  from space 1024K, 18% used [0x0000000717280000,0x00000007172b0000,0x0000000717380000)
  to   space 1024K, 0% used [0x0000000717380000,0x0000000717380000,0x0000000717480000)
 ParOldGen       total 156160K, used 37109K [0x00000005c0000000, 0x00000005c9880000, 0x0000000715580000)
  object space 156160K, 23% used [0x00000005c0000000,0x00000005c243d7f8,0x00000005c9880000)
 Metaspace       used 19958K, capacity 20516K, committed 20608K, reserved 1067008K
  class space    used 2480K, capacity 2638K, committed 2688K, reserved 1048576K
}
Event: 22719.818 GC heap before
{Heap before GC invocations=1403 (full 5):
 PSYoungGen      total 30720K, used 29888K [0x0000000715580000, 0x0000000717480000, 0x00000007c0000000)
  eden space 29696K, 100% used [0x0000000715580000,0x0000000717280000,0x0000000717280000)
  from space 1024K, 18% used [0x0000000717280000,0x00000007172b0000,0x0000000717380000)
  to   space 1024K, 0% used [0x0000000717380000,0x0000000717380000,0x0000000717480000)
 ParOldGen       total 156160K, used 37109K [0x00000005c0000000, 0x00000005c9880000, 0x0000000715580000)
  object space 156160K, 23% used [0x00000005c0000000,0x00000005c243d7f8,0x00000005c9880000)
 Metaspace       used 19958K, capacity 20516K, committed 20608K, reserved 1067008K
  class space    used 2480K, capacity 2638K, committed 2688K, reserved 1048576K
Event: 22719.820 GC heap after
Heap after GC invocations=1403 (full 5):
 PSYoungGen      total 30720K, used 256K [0x0000000715580000, 0x0000000717480000, 0x00000007c0000000)
  eden space 29696K, 0% used [0x0000000715580000,0x0000000715580000,0x0000000717280000)
  from space 1024K, 25% used [0x0000000717380000,0x00000007173c0000,0x0000000717480000)
  to   space 1024K, 0% used [0x0000000717280000,0x0000000717280000,0x0000000717380000)
 ParOldGen       total 156160K, used 37133K [0x00000005c0000000, 0x00000005c9880000, 0x0000000715580000)
  object space 156160K, 23% used [0x00000005c0000000,0x00000005c24437f8,0x00000005c9880000)
 Metaspace       used 19958K, capacity 20516K, committed 20608K, reserved 1067008K
  class space    used 2480K, capacity 2638K, committed 2688K, reserved 1048576K
}
Event: 22721.491 GC heap before
{Heap before GC invocations=1404 (full 5):
 PSYoungGen      total 30720K, used 29952K [0x0000000715580000, 0x0000000717480000, 0x00000007c0000000)
  eden space 29696K, 100% used [0x0000000715580000,0x0000000717280000,0x0000000717280000)
  from space 1024K, 25% used [0x0000000717380000,0x00000007173c0000,0x0000000717480000)
  to   space 1024K, 0% used [0x0000000717280000,0x0000000717280000,0x0000000717380000)
 ParOldGen       total 156160K, used 37133K [0x00000005c0000000, 0x00000005c9880000, 0x0000000715580000)
  object space 156160K, 23% used [0x00000005c0000000,0x00000005c24437f8,0x00000005c9880000)
 Metaspace       used 19958K, capacity 20516K, committed 20608K, reserved 1067008K
  class space    used 2480K, capacity 2638K, committed 2688K, reserved 1048576K
Event: 22721.494 GC heap after
Heap after GC invocations=1404 (full 5):
 PSYoungGen      total 30720K, used 384K [0x0000000715580000, 0x0000000717480000, 0x00000007c0000000)
  eden space 29696K, 0% used [0x0000000715580000,0x0000000715580000,0x0000000717280000)
  from space 1024K, 37% used [0x0000000717280000,0x00000007172e0000,0x0000000717380000)
  to   space 1024K, 0% used [0x0000000717380000,0x0000000717380000,0x0000000717480000)
 ParOldGen       total 156160K, used 37149K [0x00000005c0000000, 0x00000005c9880000, 0x0000000715580000)
  object space 156160K, 23% used [0x00000005c0000000,0x00000005c24477f8,0x00000005c9880000)
 Metaspace       used 19958K, capacity 20516K, committed 20608K, reserved 1067008K
  class space    used 2480K, capacity 2638K, committed 2688K, reserved 1048576K
}
Event: 22736.499 GC heap before
{Heap before GC invocations=1405 (full 5):
 PSYoungGen      total 30720K, used 30080K [0x0000000715580000, 0x0000000717480000, 0x00000007c0000000)
  eden space 29696K, 100% used [0x0000000715580000,0x0000000717280000,0x0000000717280000)
  from space 1024K, 37% used [0x0000000717280000,0x00000007172e0000,0x0000000717380000)
  to   space 1024K, 0% used [0x0000000717380000,0x0000000717380000,0x0000000717480000)
 ParOldGen       total 156160K, used 37149K [0x00000005c0000000, 0x00000005c9880000, 0x0000000715580000)
  object space 156160K, 23% used [0x00000005c0000000,0x00000005c24477f8,0x00000005c9880000)
 Metaspace       used 19958K, capacity 20516K, committed 20608K, reserved 1067008K
  class space    used 2480K, capacity 2638K, committed 2688K, reserved 1048576K
Event: 22736.502 GC heap after
Heap after GC invocations=1405 (full 5):
 PSYoungGen      total 30720K, used 224K [0x0000000715580000, 0x0000000717480000, 0x00000007c0000000)
  eden space 29696K, 0% used [0x0000000715580000,0x0000000715580000,0x0000000717280000)
  from space 1024K, 21% used [0x0000000717380000,0x00000007173b8000,0x0000000717480000)
  to   space 1024K, 0% used [0x0000000717280000,0x0000000717280000,0x0000000717380000)
 ParOldGen       total 156160K, used 37165K [0x00000005c0000000, 0x00000005c9880000, 0x0000000715580000)
  object space 156160K, 23% used [0x00000005c0000000,0x00000005c244b7f8,0x00000005c9880000)
 Metaspace       used 19958K, capacity 20516K, committed 20608K, reserved 1067008K
  class space    used 2480K, capacity 2638K, committed 2688K, reserved 1048576K
}

Deoptimization events (10 events):
Event: 22127.342 Thread 0x00007f983681e000 Uncommon trap: reason=unstable_if action=reinterpret pc=0x000000010998377c method=java.util.concurrent.locks.AbstractQueuedSynchronizer.acquireInterruptibly(I)V @ 19
Event: 22263.200 Thread 0x00007f987593d800 Uncommon trap: reason=bimorphic action=maybe_recompile pc=0x0000000109b53214 method=java.awt.Component.processMouseEvent(Ljava/awt/event/MouseEvent;)V @ 74
Event: 22325.905 Thread 0x00007f97d08f8800 Uncommon trap: reason=unstable_if action=reinterpret pc=0x000000010a595b48 method=Hack.CPUEmulator.CPUEmulator.getValue(Ljava/lang/String;)Ljava/lang/String; @ 52
Event: 22325.984 Thread 0x00007f97c6d8c800 Uncommon trap: reason=unstable_if action=reinterpret pc=0x000000010a3d1a48 method=Hack.Controller.HackController.miniStep()B @ 406
Event: 22325.984 Thread 0x00007f97c6d8c800 Uncommon trap: reason=unstable_if action=reinterpret pc=0x000000010a62bdb8 method=Hack.Controller.HackController$SingleStepTask.run()V @ 24
Event: 22448.368 Thread 0x00007f987593d800 Uncommon trap: reason=unstable_if action=reinterpret pc=0x000000010a06ba1c method=sun.java2d.loops.ProcessPath.CLIPCLAMP(FF[FIIIIII)I @ 32
Event: 22448.368 Thread 0x00007f987593d800 Uncommon trap: reason=unstable_if action=reinterpret pc=0x000000010a006d9c method=sun.java2d.loops.ProcessPath.CLIPCLAMP(FF[FIIIIII)I @ 32
Event: 22458.005 Thread 0x00007f987593d800 Uncommon trap: reason=unstable_if action=reinterpret pc=0x000000010a63afbc method=java.awt.DefaultKeyboardFocusManager.preDispatchKeyEvent(Ljava/awt/event/KeyEvent;)Z @ 14
Event: 22538.566 Thread 0x00007f987593d800 Uncommon trap: reason=class_check action=maybe_recompile pc=0x0000000109e70a00 method=com.apple.laf.AquaFocusHandler.propertyChange(Ljava/beans/PropertyChangeEvent;)V @ 45
Event: 22634.090 Thread 0x00007f987593d800 Uncommon trap: reason=class_check action=maybe_recompile pc=0x000000010a5e61b4 method=javax.swing.JViewport.paintView(Ljava/awt/Graphics;)V @ 9

Classes redefined (0 events):
No events

Internal exceptions (10 events):
Event: 22648.417 Thread 0x00007f987593d800 Exception <a 'java/io/FileNotFoundException'> (0x0000000715ceee28) thrown at [/Users/java_re/workspace/8-2-build-macosx-x86_64/jdk8u221/13320/hotspot/src/share/vm/prims/jni.cpp, line 710]
Event: 22648.472 Thread 0x00007f987593d800 Exception <a 'java/io/FileNotFoundException'> (0x0000000715cef600) thrown at [/Users/java_re/workspace/8-2-build-macosx-x86_64/jdk8u221/13320/hotspot/src/share/vm/prims/jni.cpp, line 710]
Event: 22653.099 Thread 0x00007f9875825800 Implicit null exception at 0x000000010a5aa374 to 0x000000010a5aa556
Event: 22653.099 Thread 0x00007f9875825800 Exception <a 'java/lang/NullPointerException'> (0x0000000715591018) thrown at [/Users/java_re/workspace/8-2-build-macosx-x86_64/jdk8u221/13320/hotspot/src/share/vm/runtime/sharedRuntime.cpp, line 605]
Event: 22653.099 Thread 0x00007f9875825800 Implicit null exception at 0x000000010a5aa374 to 0x000000010a5aa556
Event: 22653.099 Thread 0x00007f9875825800 Exception <a 'java/lang/NullPointerException'> (0x0000000715591270) thrown at [/Users/java_re/workspace/8-2-build-macosx-x86_64/jdk8u221/13320/hotspot/src/share/vm/runtime/sharedRuntime.cpp, line 605]
Event: 22657.944 Thread 0x00007f9875825800 Implicit null exception at 0x000000010a5aa374 to 0x000000010a5aa556
Event: 22657.944 Thread 0x00007f9875825800 Exception <a 'java/lang/NullPointerException'> (0x0000000715602338) thrown at [/Users/java_re/workspace/8-2-build-macosx-x86_64/jdk8u221/13320/hotspot/src/share/vm/runtime/sharedRuntime.cpp, line 605]
Event: 22657.944 Thread 0x00007f9875825800 Implicit null exception at 0x000000010a5aa374 to 0x000000010a5aa556
Event: 22657.944 Thread 0x00007f9875825800 Exception <a 'java/lang/NullPointerException'> (0x00000007156025b0) thrown at [/Users/java_re/workspace/8-2-build-macosx-x86_64/jdk8u221/13320/hotspot/src/share/vm/runtime/sharedRuntime.cpp, line 605]

Events (10 events):
Event: 22723.106 Thread 0x00007f97c62e4000 Thread added: 0x00007f97c62e4000
Event: 22723.107 Executing VM operation: RevokeBias
Event: 22723.107 Executing VM operation: RevokeBias done
Event: 22723.162 Executing VM operation: RevokeBias
Event: 22723.163 Executing VM operation: RevokeBias done
Event: 22723.163 Thread 0x00007f97c62e4000 Thread exited: 0x00007f97c62e4000
Event: 22723.164 Thread 0x00007f987733c000 Thread added: 0x00007f987733c000
Event: 22723.165 Thread 0x00007f987733c000 Thread exited: 0x00007f987733c000
Event: 22736.498 Executing VM operation: ParallelGCFailedAllocation
Event: 22736.502 Executing VM operation: ParallelGCFailedAllocation done


Dynamic libraries:
0x00007fff3231f000 	/System/Library/Frameworks/Cocoa.framework/Versions/A/Cocoa
0x00007fff3fb28000 	/System/Library/Frameworks/Security.framework/Versions/A/Security
0x00007fff31284000 	/System/Library/Frameworks/ApplicationServices.framework/Versions/A/ApplicationServices
0x00007fff6c84c000 	/usr/lib/libz.1.dylib
0x00007fff6a310000 	/usr/lib/libSystem.B.dylib
0x00007fff6c170000 	/usr/lib/libobjc.A.dylib
0x00007fff331c1000 	/System/Library/Frameworks/CoreFoundation.framework/Versions/A/CoreFoundation
0x00007fff3587e000 	/System/Library/Frameworks/Foundation.framework/Versions/C/Foundation
0x00007fff30474000 	/System/Library/Frameworks/AppKit.framework/Versions/C/AppKit
0x00007fff32ca3000 	/System/Library/Frameworks/CoreData.framework/Versions/A/CoreData
0x00007fff6430b000 	/System/Library/PrivateFrameworks/UIFoundation.framework/Versions/A/UIFoundation
0x00007fff5f39f000 	/System/Library/PrivateFrameworks/RemoteViewServices.framework/Versions/A/RemoteViewServices
0x00007fff66e80000 	/System/Library/PrivateFrameworks/XCTTargetBootstrap.framework/Versions/A/XCTTargetBootstrap
0x00007fff3308e000 	/System/Library/Frameworks/CoreDisplay.framework/Versions/A/CoreDisplay
0x00007fff38738000 	/System/Library/Frameworks/Metal.framework/Versions/A/Metal
0x00007fff4d345000 	/System/Library/PrivateFrameworks/DesktopServicesPriv.framework/Versions/A/DesktopServicesPriv
0x00007fff6b44b000 	/usr/lib/liblangid.dylib
0x00007fff4c5da000 	/System/Library/PrivateFrameworks/CoreSVG.framework/Versions/A/CoreSVG
0x00007fff624fb000 	/System/Library/PrivateFrameworks/SkyLight.framework/Versions/A/SkyLight
0x00007fff33642000 	/System/Library/Frameworks/CoreGraphics.framework/Versions/A/CoreGraphics
0x00007fff2ee48000 	/System/Library/Frameworks/Accelerate.framework/Versions/A/Accelerate
0x00007fff6c73d000 	/usr/lib/libxml2.2.dylib
0x00007fff582e7000 	/System/Library/PrivateFrameworks/IconServices.framework/Versions/A/IconServices
0x00007fff3605d000 	/System/Library/Frameworks/IOSurface.framework/Versions/A/IOSurface
0x00007fff69e3a000 	/usr/lib/libDiagnosticMessagesClient.dylib
0x00007fff4d19f000 	/System/Library/PrivateFrameworks/DFRFoundation.framework/Versions/A/DFRFoundation
0x00007fff6b1da000 	/usr/lib/libicucore.A.dylib
0x00007fff315b6000 	/System/Library/Frameworks/AudioToolbox.framework/Versions/A/AudioToolbox
0x00007fff31699000 	/System/Library/Frameworks/AudioUnit.framework/Versions/A/AudioUnit
0x00007fff6a512000 	/usr/lib/libauto.dylib
0x00007fff4d241000 	/System/Library/PrivateFrameworks/DataDetectorsCore.framework/Versions/A/DataDetectorsCore
0x00007fff31e40000 	/System/Library/Frameworks/Carbon.framework/Versions/A/Frameworks/HIToolbox.framework/Versions/A/HIToolbox
0x00007fff3ed22000 	/System/Library/Frameworks/QuartzCore.framework/Versions/A/QuartzCore
0x00007fff3217f000 	/System/Library/Frameworks/Carbon.framework/Versions/A/Frameworks/SpeechRecognition.framework/Versions/A/SpeechRecognition
0x00007fff4ccb3000 	/System/Library/PrivateFrameworks/CoreUI.framework/Versions/A/CoreUI
0x00007fff3270e000 	/System/Library/Frameworks/CoreAudio.framework/Versions/A/CoreAudio
0x00007fff3553d000 	/System/Library/Frameworks/DiskArbitration.framework/Versions/A/DiskArbitration
0x00007fff5a379000 	/System/Library/PrivateFrameworks/MultitouchSupport.framework/Versions/A/MultitouchSupport
0x00007fff6b0a1000 	/usr/lib/libenergytrace.dylib
0x00007fff35fb7000 	/System/Library/Frameworks/IOKit.framework/Versions/A/IOKit
0x00007fff345a9000 	/System/Library/Frameworks/CoreServices.framework/Versions/A/CoreServices
0x00007fff5c532000 	/System/Library/PrivateFrameworks/PerformanceAnalysis.framework/Versions/A/PerformanceAnalysis
0x00007fff3dd55000 	/System/Library/Frameworks/OpenGL.framework/Versions/A/OpenGL
0x00007fff3232d000 	/System/Library/Frameworks/ColorSync.framework/Versions/A/ColorSync
0x00007fff33cc5000 	/System/Library/Frameworks/CoreImage.framework/Versions/A/CoreImage
0x00007fff3501c000 	/System/Library/Frameworks/CoreText.framework/Versions/A/CoreText
0x00007fff360ed000 	/System/Library/Frameworks/ImageIO.framework/Versions/A/ImageIO
0x00007fff6a5f6000 	/usr/lib/libc++.1.dylib
0x00007fff6a672000 	/usr/lib/libcompression.dylib
0x00007fff6a17e000 	/usr/lib/libMobileGestalt.dylib
0x00007fff64075000 	/System/Library/PrivateFrameworks/TextureIO.framework/Versions/A/TextureIO
0x00007fff6a475000 	/usr/lib/libate.dylib
0x00007fff584f0000 	/System/Library/PrivateFrameworks/InternationalSupport.framework/Versions/A/InternationalSupport
0x00007fff6d10d000 	/usr/lib/system/libcache.dylib
0x00007fff6d113000 	/usr/lib/system/libcommonCrypto.dylib
0x00007fff6d11f000 	/usr/lib/system/libcompiler_rt.dylib
0x00007fff6d127000 	/usr/lib/system/libcopyfile.dylib
0x00007fff6d131000 	/usr/lib/system/libcorecrypto.dylib
0x00007fff6d2d0000 	/usr/lib/system/libdispatch.dylib
0x00007fff6d311000 	/usr/lib/system/libdyld.dylib
0x00007fff6d348000 	/usr/lib/system/libkeymgr.dylib
0x00007fff6d356000 	/usr/lib/system/liblaunch.dylib
0x00007fff6d357000 	/usr/lib/system/libmacho.dylib
0x00007fff6d35d000 	/usr/lib/system/libquarantine.dylib
0x00007fff6d360000 	/usr/lib/system/libremovefile.dylib
0x00007fff6d362000 	/usr/lib/system/libsystem_asl.dylib
0x00007fff6d37a000 	/usr/lib/system/libsystem_blocks.dylib
0x00007fff6d37b000 	/usr/lib/system/libsystem_c.dylib
0x00007fff6d403000 	/usr/lib/system/libsystem_configuration.dylib
0x00007fff6d407000 	/usr/lib/system/libsystem_coreservices.dylib
0x00007fff6d40b000 	/usr/lib/system/libsystem_darwin.dylib
0x00007fff6d414000 	/usr/lib/system/libsystem_dnssd.dylib
0x00007fff6d41c000 	/usr/lib/system/libsystem_featureflags.dylib
0x00007fff6d41e000 	/usr/lib/system/libsystem_info.dylib
0x00007fff6d499000 	/usr/lib/system/libsystem_m.dylib
0x00007fff6d4e1000 	/usr/lib/system/libsystem_malloc.dylib
0x00007fff6d509000 	/usr/lib/system/libsystem_networkextension.dylib
0x00007fff6d517000 	/usr/lib/system/libsystem_notify.dylib
0x00007fff6d535000 	/usr/lib/system/libsystem_sandbox.dylib
0x00007fff6d53a000 	/usr/lib/system/libsystem_secinit.dylib
0x00007fff6d46c000 	/usr/lib/system/libsystem_kernel.dylib
0x00007fff6d521000 	/usr/lib/system/libsystem_platform.dylib
0x00007fff6d52a000 	/usr/lib/system/libsystem_pthread.dylib
0x00007fff6d53d000 	/usr/lib/system/libsystem_symptoms.dylib
0x00007fff6d545000 	/usr/lib/system/libsystem_trace.dylib
0x00007fff6d55d000 	/usr/lib/system/libunwind.dylib
0x00007fff6d563000 	/usr/lib/system/libxpc.dylib
0x00007fff6a649000 	/usr/lib/libc++abi.dylib
0x00007fff6b44d000 	/usr/lib/liblzma.5.dylib
0x00007fff6b0c8000 	/usr/lib/libfakelink.dylib
0x00007fff6a402000 	/usr/lib/libarchive.2.dylib
0x00007fff40bd9000 	/System/Library/Frameworks/SystemConfiguration.framework/Versions/A/SystemConfiguration
0x00007fff69d6d000 	/usr/lib/libCRFSuite.dylib
0x00007fff31a30000 	/System/Library/Frameworks/CFNetwork.framework/Versions/A/CFNetwork
0x00007fff6a5d8000 	/usr/lib/libbsm.0.dylib
0x00007fff6d349000 	/usr/lib/system/libkxld.dylib
0x00007fff46b1b000 	/System/Library/PrivateFrameworks/AppleFSCompression.framework/Versions/A/AppleFSCompression
0x00007fff6a963000 	/usr/lib/libcoretls.dylib
0x00007fff6a97a000 	/usr/lib/libcoretls_cfhelpers.dylib
0x00007fff6c1b6000 	/usr/lib/libpam.2.dylib
0x00007fff6c2eb000 	/usr/lib/libsqlite3.dylib
0x00007fff6c72a000 	/usr/lib/libxar.1.dylib
0x00007fff6a5e9000 	/usr/lib/libbz2.1.0.dylib
0x00007fff6b0e9000 	/usr/lib/libiconv.2.dylib
0x00007fff6a65f000 	/usr/lib/libcharset.1.dylib
0x00007fff6bc53000 	/usr/lib/libnetwork.dylib
0x00007fff6c1bd000 	/usr/lib/libpcap.A.dylib
0x00007fff6a3b7000 	/usr/lib/libapple_nghttp2.dylib
0x00007fff34960000 	/System/Library/Frameworks/CoreServices.framework/Versions/A/Frameworks/FSEvents.framework/Versions/A/FSEvents
0x00007fff34630000 	/System/Library/Frameworks/CoreServices.framework/Versions/A/Frameworks/CarbonCore.framework/Versions/A/CarbonCore
0x00007fff34ba4000 	/System/Library/Frameworks/CoreServices.framework/Versions/A/Frameworks/Metadata.framework/Versions/A/Metadata
0x00007fff34c3d000 	/System/Library/Frameworks/CoreServices.framework/Versions/A/Frameworks/OSServices.framework/Versions/A/OSServices
0x00007fff34c6b000 	/System/Library/Frameworks/CoreServices.framework/Versions/A/Frameworks/SearchKit.framework/Versions/A/SearchKit
0x00007fff345aa000 	/System/Library/Frameworks/CoreServices.framework/Versions/A/Frameworks/AE.framework/Versions/A/AE
0x00007fff34969000 	/System/Library/Frameworks/CoreServices.framework/Versions/A/Frameworks/LaunchServices.framework/Versions/A/LaunchServices
0x00007fff34912000 	/System/Library/Frameworks/CoreServices.framework/Versions/A/Frameworks/DictionaryServices.framework/Versions/A/DictionaryServices
0x00007fff34cd3000 	/System/Library/Frameworks/CoreServices.framework/Versions/A/Frameworks/SharedFileList.framework/Versions/A/SharedFileList
0x00007fff39b74000 	/System/Library/Frameworks/NetFS.framework/Versions/A/NetFS
0x00007fff5a8a9000 	/System/Library/PrivateFrameworks/NetAuth.framework/Versions/A/NetAuth
0x00007fff6724d000 	/System/Library/PrivateFrameworks/login.framework/Versions/A/Frameworks/loginsupport.framework/Versions/A/loginsupport
0x00007fff63b40000 	/System/Library/PrivateFrameworks/TCC.framework/Versions/A/TCC
0x00007fff4b74d000 	/System/Library/PrivateFrameworks/CoreNLP.framework/Versions/A/CoreNLP
0x00007fff59d64000 	/System/Library/PrivateFrameworks/MetadataUtilities.framework/Versions/A/MetadataUtilities
0x00007fff6b525000 	/usr/lib/libmecabra.dylib
0x00007fff6b47d000 	/usr/lib/libmecab.dylib
0x00007fff6b0d9000 	/usr/lib/libgermantok.dylib
0x00007fff6a39e000 	/usr/lib/libThaiTokenizer.dylib
0x00007fff69da4000 	/usr/lib/libChineseTokenizer.dylib
0x00007fff2ee60000 	/System/Library/Frameworks/Accelerate.framework/Versions/A/Frameworks/vImage.framework/Versions/A/vImage
0x00007fff302ca000 	/System/Library/Frameworks/Accelerate.framework/Versions/A/Frameworks/vecLib.framework/Versions/A/vecLib
0x00007fff30207000 	/System/Library/Frameworks/Accelerate.framework/Versions/A/Frameworks/vecLib.framework/Versions/A/libvMisc.dylib
0x00007fff3002f000 	/System/Library/Frameworks/Accelerate.framework/Versions/A/Frameworks/vecLib.framework/Versions/A/libvDSP.dylib
0x00007fff2f4b7000 	/System/Library/Frameworks/Accelerate.framework/Versions/A/Frameworks/vecLib.framework/Versions/A/libBLAS.dylib
0x00007fff2fbf3000 	/System/Library/Frameworks/Accelerate.framework/Versions/A/Frameworks/vecLib.framework/Versions/A/libLAPACK.dylib
0x00007fff2ff8f000 	/System/Library/Frameworks/Accelerate.framework/Versions/A/Frameworks/vecLib.framework/Versions/A/libLinearAlgebra.dylib
0x00007fff3001c000 	/System/Library/Frameworks/Accelerate.framework/Versions/A/Frameworks/vecLib.framework/Versions/A/libSparseBLAS.dylib
0x00007fff2ffa5000 	/System/Library/Frameworks/Accelerate.framework/Versions/A/Frameworks/vecLib.framework/Versions/A/libQuadrature.dylib
0x00007fff2f71f000 	/System/Library/Frameworks/Accelerate.framework/Versions/A/Frameworks/vecLib.framework/Versions/A/libBNNS.dylib
0x00007fff2ffab000 	/System/Library/Frameworks/Accelerate.framework/Versions/A/Frameworks/vecLib.framework/Versions/A/libSparse.dylib
0x00007fff588d8000 	/System/Library/PrivateFrameworks/LanguageModeling.framework/Versions/A/LanguageModeling
0x00007fff4b0fd000 	/System/Library/PrivateFrameworks/CoreEmoji.framework/Versions/A/CoreEmoji
0x00007fff589f6000 	/System/Library/PrivateFrameworks/LinguisticData.framework/Versions/A/LinguisticData
0x00007fff589a7000 	/System/Library/PrivateFrameworks/Lexicon.framework/Versions/A/Lexicon
0x00007fff6a660000 	/usr/lib/libcmph.dylib
0x00007fff3c763000 	/System/Library/Frameworks/OpenDirectory.framework/Versions/A/Frameworks/CFOpenDirectory.framework/Versions/A/CFOpenDirectory
0x00007fff3c780000 	/System/Library/Frameworks/OpenDirectory.framework/Versions/A/OpenDirectory
0x00007fff44bc3000 	/System/Library/PrivateFrameworks/APFS.framework/Versions/A/APFS
0x00007fff3fe72000 	/System/Library/Frameworks/SecurityFoundation.framework/Versions/A/SecurityFoundation
0x00007fff6c726000 	/usr/lib/libutil.dylib
0x00007fff4c632000 	/System/Library/PrivateFrameworks/CoreServicesStore.framework/Versions/A/CoreServicesStore
0x00007fff3ff29000 	/System/Library/Frameworks/ServiceManagement.framework/Versions/A/ServiceManagement
0x00007fff482eb000 	/System/Library/PrivateFrameworks/BackgroundTaskManagement.framework/Versions/A/BackgroundTaskManagement
0x00007fff6c823000 	/usr/lib/libxslt.1.dylib
0x00007fff4718e000 	/System/Library/PrivateFrameworks/AppleSystemInfo.framework/Versions/A/AppleSystemInfo
0x00007fff36309000 	/System/Library/Frameworks/ImageIO.framework/Versions/A/Resources/libJPEG.dylib
0x00007fff365c6000 	/System/Library/Frameworks/ImageIO.framework/Versions/A/Resources/libTIFF.dylib
0x00007fff365a9000 	/System/Library/Frameworks/ImageIO.framework/Versions/A/Resources/libPng.dylib
0x00007fff3624b000 	/System/Library/Frameworks/ImageIO.framework/Versions/A/Resources/libGIF.dylib
0x00007fff3624f000 	/System/Library/Frameworks/ImageIO.framework/Versions/A/Resources/libJP2.dylib
0x00007fff365c4000 	/System/Library/Frameworks/ImageIO.framework/Versions/A/Resources/libRadiance.dylib
0x00007fff6b0a2000 	/usr/lib/libexpat.1.dylib
0x00007fff46c76000 	/System/Library/PrivateFrameworks/AppleJPEG.framework/Versions/A/AppleJPEG
0x00007fff4f948000 	/System/Library/PrivateFrameworks/FontServices.framework/libFontParser.dylib
0x00007fff6624f000 	/System/Library/PrivateFrameworks/WatchdogClient.framework/Versions/A/WatchdogClient
0x00007fff57f33000 	/System/Library/PrivateFrameworks/IOAccelerator.framework/Versions/A/IOAccelerator
0x00007fff38ad3000 	/System/Library/Frameworks/MetalPerformanceShaders.framework/Versions/A/MetalPerformanceShaders
0x00007fff546c3000 	/System/Library/PrivateFrameworks/GPUWrangler.framework/Versions/A/GPUWrangler
0x00007fff57f48000 	/System/Library/PrivateFrameworks/IOPresentment.framework/Versions/A/IOPresentment
0x00007fff4d1b2000 	/System/Library/PrivateFrameworks/DSExternalDisplay.framework/Versions/A/DSExternalDisplay
0x00007fff3d0f4000 	/System/Library/Frameworks/OpenGL.framework/Versions/A/Libraries/libCoreFSCache.dylib
0x00007fff3881f000 	/System/Library/Frameworks/MetalPerformanceShaders.framework/Frameworks/MPSCore.framework/Versions/A/MPSCore
0x00007fff3885d000 	/System/Library/Frameworks/MetalPerformanceShaders.framework/Frameworks/MPSImage.framework/Versions/A/MPSImage
0x00007fff38924000 	/System/Library/Frameworks/MetalPerformanceShaders.framework/Frameworks/MPSNeuralNetwork.framework/Versions/A/MPSNeuralNetwork
0x00007fff388e8000 	/System/Library/Frameworks/MetalPerformanceShaders.framework/Frameworks/MPSMatrix.framework/Versions/A/MPSMatrix
0x00007fff38a83000 	/System/Library/Frameworks/MetalPerformanceShaders.framework/Frameworks/MPSRayIntersector.framework/Versions/A/MPSRayIntersector
0x00007fff3890e000 	/System/Library/Frameworks/MetalPerformanceShaders.framework/Frameworks/MPSNDArray.framework/Versions/A/MPSNDArray
0x00007fff59db1000 	/System/Library/PrivateFrameworks/MetalTools.framework/Versions/A/MetalTools
0x00007fff45d9d000 	/System/Library/PrivateFrameworks/AggregateDictionary.framework/Versions/A/AggregateDictionary
0x00007fff4ab45000 	/System/Library/PrivateFrameworks/CoreAnalytics.framework/Versions/A/CoreAnalytics
0x00007fff470ad000 	/System/Library/PrivateFrameworks/AppleSauce.framework/Versions/A/AppleSauce
0x00007fff6a060000 	/usr/lib/libIOReport.dylib
0x00007fff351d4000 	/System/Library/Frameworks/CoreVideo.framework/Versions/A/CoreVideo
0x00007fff55b3c000 	/System/Library/PrivateFrameworks/GraphVisualizer.framework/Versions/A/GraphVisualizer
0x00007fff4ee8e000 	/System/Library/PrivateFrameworks/FaceCore.framework/Versions/A/FaceCore
0x00007fff3c70a000 	/System/Library/Frameworks/OpenCL.framework/Versions/A/OpenCL
0x00007fff69e82000 	/usr/lib/libFosl_dynamic.dylib
0x00007fff5b2ca000 	/System/Library/PrivateFrameworks/OTSVG.framework/Versions/A/OTSVG
0x00007fff31389000 	/System/Library/Frameworks/ApplicationServices.framework/Versions/A/Frameworks/ATS.framework/Versions/A/Resources/libFontRegistry.dylib
0x00007fff4fb17000 	/System/Library/PrivateFrameworks/FontServices.framework/libhvf.dylib
0x00007fff3d0ff000 	/System/Library/Frameworks/OpenGL.framework/Versions/A/Libraries/libGFXShared.dylib
0x00007fff3d2dd000 	/System/Library/Frameworks/OpenGL.framework/Versions/A/Libraries/libGLU.dylib
0x00007fff3d108000 	/System/Library/Frameworks/OpenGL.framework/Versions/A/Libraries/libGL.dylib
0x00007fff3d113000 	/System/Library/Frameworks/OpenGL.framework/Versions/A/Libraries/libGLImage.dylib
0x00007fff3d0f1000 	/System/Library/Frameworks/OpenGL.framework/Versions/A/Libraries/libCVMSPluginSupport.dylib
0x00007fff3d0fa000 	/System/Library/Frameworks/OpenGL.framework/Versions/A/Libraries/libCoreVMClient.dylib
0x00007fff6baf4000 	/usr/lib/libncurses.5.4.dylib
0x00007fff31285000 	/System/Library/Frameworks/ApplicationServices.framework/Versions/A/Frameworks/ATS.framework/Versions/A/ATS
0x00007fff31452000 	/System/Library/Frameworks/ApplicationServices.framework/Versions/A/Frameworks/ColorSyncLegacy.framework/Versions/A/ColorSyncLegacy
0x00007fff314f0000 	/System/Library/Frameworks/ApplicationServices.framework/Versions/A/Frameworks/HIServices.framework/Versions/A/HIServices
0x00007fff31548000 	/System/Library/Frameworks/ApplicationServices.framework/Versions/A/Frameworks/LangAnalysis.framework/Versions/A/LangAnalysis
0x00007fff31557000 	/System/Library/Frameworks/ApplicationServices.framework/Versions/A/Frameworks/PrintCore.framework/Versions/A/PrintCore
0x00007fff3159d000 	/System/Library/Frameworks/ApplicationServices.framework/Versions/A/Frameworks/QD.framework/Versions/A/QD
0x00007fff315a8000 	/System/Library/Frameworks/ApplicationServices.framework/Versions/A/Frameworks/SpeechSynthesis.framework/Versions/A/SpeechSynthesis
0x00007fff31422000 	/System/Library/Frameworks/ApplicationServices.framework/Versions/A/Frameworks/ATSUI.framework/Versions/A/ATSUI
0x00007fff6af38000 	/usr/lib/libcups.2.dylib
0x00007fff37b6e000 	/System/Library/Frameworks/Kerberos.framework/Versions/A/Kerberos
0x00007fff35cb0000 	/System/Library/Frameworks/GSS.framework/Versions/A/GSS
0x00007fff6c277000 	/usr/lib/libresolv.9.dylib
0x00007fff55ce9000 	/System/Library/PrivateFrameworks/Heimdal.framework/Versions/A/Heimdal
0x00007fff37b81000 	/System/Library/Frameworks/Kerberos.framework/Versions/A/Libraries/libHeimdalProxy.dylib
0x00007fff6b0df000 	/usr/lib/libheimdal-asn1.dylib
0x00007fff49fdd000 	/System/Library/PrivateFrameworks/CommonAuth.framework/Versions/A/CommonAuth
0x00007fff4722b000 	/System/Library/PrivateFrameworks/AssertionServices.framework/Versions/A/AssertionServices
0x00007fff47dce000 	/System/Library/PrivateFrameworks/AudioToolboxCore.framework/Versions/A/AudioToolboxCore
0x00007fff66efd000 	/System/Library/PrivateFrameworks/caulk.framework/Versions/A/caulk
0x00007fff48397000 	/System/Library/PrivateFrameworks/BaseBoard.framework/Versions/A/BaseBoard
0x00007fff5f52d000 	/System/Library/PrivateFrameworks/RunningBoardServices.framework/Versions/A/RunningBoardServices
0x00007fff5c53e000 	/System/Library/PrivateFrameworks/PersistentConnection.framework/Versions/A/PersistentConnection
0x00007fff5ef26000 	/System/Library/PrivateFrameworks/ProtocolBuffer.framework/Versions/A/ProtocolBuffer
0x00007fff4a001000 	/System/Library/PrivateFrameworks/CommonUtilities.framework/Versions/A/CommonUtilities
0x00007fff48525000 	/System/Library/PrivateFrameworks/Bom.framework/Versions/A/Bom
0x00007fff69d33000 	/usr/lib/libAudioToolboxUtility.dylib
0x00007fff482f5000 	/System/Library/PrivateFrameworks/Backup.framework/Versions/A/Backup
0x00007fff4d0d3000 	/System/Library/PrivateFrameworks/CrashReporterSupport.framework/Versions/A/CrashReporterSupport
0x00007fff60fbf000 	/System/Library/PrivateFrameworks/Sharing.framework/Versions/A/Sharing
0x00007fff46839000 	/System/Library/PrivateFrameworks/Apple80211.framework/Versions/A/Apple80211
0x00007fff48012000 	/System/Library/PrivateFrameworks/AuthKit.framework/Versions/A/AuthKit
0x00007fff4cde0000 	/System/Library/PrivateFrameworks/CoreUtils.framework/Versions/A/CoreUtils
0x00007fff35219000 	/System/Library/Frameworks/CoreWLAN.framework/Versions/A/CoreWLAN
0x00007fff35e3d000 	/System/Library/Frameworks/IOBluetooth.framework/Versions/A/IOBluetooth
0x00007fff5a0f8000 	/System/Library/PrivateFrameworks/MobileKeyBag.framework/Versions/A/MobileKeyBag
0x00007fff4bbe5000 	/System/Library/PrivateFrameworks/CorePhoneNumbers.framework/Versions/A/CorePhoneNumbers
0x00007fff46c29000 	/System/Library/PrivateFrameworks/AppleIDAuthSupport.framework/Versions/A/AppleIDAuthSupport
0x00007fff39b81000 	/System/Library/Frameworks/Network.framework/Versions/A/Network
0x00007fff58784000 	/System/Library/PrivateFrameworks/KeychainCircle.framework/Versions/A/KeychainCircle
0x00007fff32c6a000 	/System/Library/Frameworks/CoreBluetooth.framework/Versions/A/CoreBluetooth
0x00007fff6303e000 	/System/Library/PrivateFrameworks/SpeechRecognitionCore.framework/Versions/A/SpeechRecognitionCore
0x0000000107e00000 	/Library/Java/JavaVirtualMachines/jdk1.8.0_221.jdk/Contents/Home/jre/lib/server/libjvm.dylib
0x00007fff6c5f9000 	/usr/lib/libstdc++.6.dylib
0x0000000105c92000 	/Library/Java/JavaVirtualMachines/jdk1.8.0_221.jdk/Contents/Home/jre/lib/libverify.dylib
0x0000000105ca0000 	/Library/Java/JavaVirtualMachines/jdk1.8.0_221.jdk/Contents/Home/jre/lib/libjava.dylib
0x0000000105d20000 	/Library/Java/JavaVirtualMachines/jdk1.8.0_221.jdk/Contents/Home/jre/lib/libzip.dylib
0x000000012d303000 	/Library/Java/JavaVirtualMachines/jdk1.8.0_221.jdk/Contents/Home/jre/lib/libawt.dylib
0x000000012d3ac000 	/Library/Java/JavaVirtualMachines/jdk1.8.0_221.jdk/Contents/Home/jre/lib/libmlib_image.dylib
0x00007fff37b58000 	/System/Library/Frameworks/JavaVM.framework/Versions/A/Frameworks/JavaNativeFoundation.framework/Versions/A/JavaNativeFoundation
0x00007fff37b61000 	/System/Library/Frameworks/JavaVM.framework/Versions/A/Frameworks/JavaRuntimeSupport.framework/Versions/A/JavaRuntimeSupport
0x00007fff37b69000 	/System/Library/Frameworks/JavaVM.framework/Versions/A/JavaVM
0x00007fff5859b000 	/System/Library/PrivateFrameworks/JavaLaunching.framework/Versions/A/JavaLaunching
0x00007fff31e3b000 	/System/Library/Frameworks/Carbon.framework/Versions/A/Carbon
0x00007fff4cb85000 	/System/Library/PrivateFrameworks/CoreSymbolication.framework/Versions/A/CoreSymbolication
0x00007fff31e3c000 	/System/Library/Frameworks/Carbon.framework/Versions/A/Frameworks/CommonPanels.framework/Versions/A/CommonPanels
0x00007fff32135000 	/System/Library/Frameworks/Carbon.framework/Versions/A/Frameworks/Help.framework/Versions/A/Help
0x00007fff32139000 	/System/Library/Frameworks/Carbon.framework/Versions/A/Frameworks/ImageCapture.framework/Versions/A/ImageCapture
0x00007fff32140000 	/System/Library/Frameworks/Carbon.framework/Versions/A/Frameworks/OpenScripting.framework/Versions/A/OpenScripting
0x00007fff3213f000 	/System/Library/Frameworks/Carbon.framework/Versions/A/Frameworks/Ink.framework/Versions/A/Ink
0x00007fff3217b000 	/System/Library/Frameworks/Carbon.framework/Versions/A/Frameworks/Print.framework/Versions/A/Print
0x00007fff3217c000 	/System/Library/Frameworks/Carbon.framework/Versions/A/Frameworks/SecurityHI.framework/Versions/A/SecurityHI
0x00007fff4d307000 	/System/Library/PrivateFrameworks/DebugSymbols.framework/Versions/A/DebugSymbols
0x000000012d478000 	/Library/Java/JavaVirtualMachines/jdk1.8.0_221.jdk/Contents/Home/jre/lib/libawt_lwawt.dylib
0x0000000109179000 	/Library/Java/JavaVirtualMachines/jdk1.8.0_221.jdk/Contents/Home/jre/lib/libosxapp.dylib
0x00007fff35719000 	/System/Library/Frameworks/ExceptionHandling.framework/Versions/A/ExceptionHandling
0x00007fff4c5fe000 	/System/Library/PrivateFrameworks/CoreServicesInternal.framework/Versions/A/CoreServicesInternal
0x00007fff35738000 	/System/Library/Frameworks/FileProvider.framework/Versions/A/FileProvider
0x00007fff302cb000 	/System/Library/Frameworks/Accounts.framework/Versions/A/Accounts
0x00007fff549e8000 	/System/Library/PrivateFrameworks/GenerationalStorage.framework/Versions/A/GenerationalStorage
0x00007fff63880000 	/System/Library/PrivateFrameworks/SymptomDiagnosticReporter.framework/Versions/A/SymptomDiagnosticReporter
0x00007fff4633d000 	/System/Library/PrivateFrameworks/AppContainer.framework/Versions/A/AppContainer
0x00007fff6c291000 	/usr/lib/libsandbox.1.dylib
0x00007fff651f2000 	/System/Library/PrivateFrameworks/UserManagement.framework/Versions/A/UserManagement
0x00007fff490e1000 	/System/Library/PrivateFrameworks/ChunkingLibrary.framework/Versions/A/ChunkingLibrary
0x00007fff463af000 	/System/Library/PrivateFrameworks/AppSandbox.framework/Versions/A/AppSandbox
0x00007fff60e49000 	/System/Library/PrivateFrameworks/SecCodeWrapper.framework/Versions/A/SecCodeWrapper
0x00007fff6a148000 	/usr/lib/libMatch.1.dylib
0x00007fff262b3000 	/System/Library/CoreServices/RawCamera.bundle/Contents/MacOS/RawCamera
0x00007fff59ee0000 	/System/Library/PrivateFrameworks/MobileAsset.framework/Versions/A/MobileAsset
0x00007fff63728000 	/System/Library/PrivateFrameworks/StreamingZip.framework/Versions/A/StreamingZip
0x00007fff37fe9000 	/System/Library/Frameworks/MediaToolbox.framework/Versions/A/MediaToolbox
0x00007fff4aaf5000 	/System/Library/PrivateFrameworks/CoreAVCHD.framework/Versions/A/CoreAVCHD
0x00007fff37f13000 	/System/Library/Frameworks/MediaAccessibility.framework/Versions/A/MediaAccessibility
0x00007fff59294000 	/System/Library/PrivateFrameworks/Mangrove.framework/Versions/A/Mangrove
0x00007fff343e1000 	/System/Library/Frameworks/CoreMedia.framework/Versions/A/CoreMedia
0x00007fff59500000 	/System/Library/PrivateFrameworks/MediaExperience.framework/Versions/A/MediaExperience
0x00007fff40ed3000 	/System/Library/Frameworks/VideoToolbox.framework/Versions/A/VideoToolbox
0x00007fff4a71f000 	/System/Library/PrivateFrameworks/CoreAUC.framework/Versions/A/CoreAUC
0x00007fff6c2e9000 	/usr/lib/libspindump.dylib
0x00007fff4777d000 	/System/Library/PrivateFrameworks/AudioResourceArbitration.framework/Versions/A/AudioResourceArbitration
0x00007fff47192000 	/System/Library/PrivateFrameworks/AppleVA.framework/Versions/A/AppleVA
0x00007fff2ee49000 	/System/Library/Frameworks/Accelerate.framework/Versions/A/Frameworks/vImage.framework/Versions/A/Libraries/libCGInterfaces.dylib
0x000000012e565000 	/usr/lib/libobjc-trampolines.dylib
0x00007fff4fa7f000 	/System/Library/PrivateFrameworks/FontServices.framework/libTrueTypeScaler.dylib
0x00007fff26503000 	/System/Library/Extensions/AMDMTLBronzeDriver.bundle/Contents/MacOS/AMDMTLBronzeDriver
0x00007fff57f29000 	/System/Library/PrivateFrameworks/IOAccelMemoryInfo.framework/Versions/A/IOAccelMemoryInfo
0x00007fff2bbc1000 	/System/Library/Extensions/AppleIntelKBLGraphicsMTLDriver.bundle/Contents/MacOS/AppleIntelKBLGraphicsMTLDriver
0x00007fff53008000 	/System/Library/PrivateFrameworks/GPUCompiler.framework/Versions/3902/Libraries/libmetal_timestamp.dylib
0x00007fff4f2b8000 	/System/Library/PrivateFrameworks/FamilyControls.framework/Versions/A/FamilyControls
0x00007fff49fd0000 	/System/Library/PrivateFrameworks/CommerceKit.framework/Versions/A/Frameworks/CommerceCore.framework/Versions/A/CommerceCore
0x00007fff638fa000 	/System/Library/PrivateFrameworks/SystemAdministration.framework/Versions/A/SystemAdministration
0x00007fff4d845000 	/System/Library/PrivateFrameworks/DiskManagement.framework/Versions/A/DiskManagement
0x00007fff35462000 	/System/Library/Frameworks/DirectoryService.framework/Versions/A/DirectoryService
0x00007fff4d77c000 	/System/Library/PrivateFrameworks/DiskImages.framework/Versions/A/DiskImages
0x00007fff58a9f000 	/System/Library/PrivateFrameworks/LoginUIKit.framework/Versions/A/Frameworks/LoginUICore.framework/Versions/A/LoginUICore
0x00007fff69daf000 	/usr/lib/libCoreStorage.dylib
0x00007fff6af25000 	/usr/lib/libcsfde.dylib
0x00007fff6c1a4000 	/usr/lib/libodfde.dylib
0x00007fff5958b000 	/System/Library/PrivateFrameworks/MediaKit.framework/Versions/A/MediaKit
0x00007fff3546e000 	/System/Library/Frameworks/DiscRecording.framework/Versions/A/DiscRecording
0x00007fff4d9fb000 	/System/Library/PrivateFrameworks/EFILogin.framework/Versions/A/EFILogin
0x00007fff5eecb000 	/System/Library/PrivateFrameworks/ProtectedCloudStorage.framework/Versions/A/ProtectedCloudStorage
0x00007fff6af99000 	/usr/lib/libcurl.4.dylib
0x00007fff6ae1e000 	/usr/lib/libcrypto.44.dylib
0x00007fff6c5c9000 	/usr/lib/libssl.46.dylib
0x00007fff37b82000 	/System/Library/Frameworks/LDAP.framework/Versions/A/LDAP
0x00007fff642d2000 	/System/Library/PrivateFrameworks/TrustEvaluationAgent.framework/Versions/A/TrustEvaluationAgent
0x00007fff6c2d6000 	/usr/lib/libsasl2.2.dylib
0x00007fff4ae71000 	/System/Library/PrivateFrameworks/CoreDaemon.framework/Versions/B/CoreDaemon
0x00007fff470a8000 	/System/Library/PrivateFrameworks/AppleSRP.framework/Versions/A/AppleSRP
0x00007fff65fbe000 	/System/Library/PrivateFrameworks/ViewBridge.framework/Versions/A/ViewBridge
0x000000012f4ac000 	/Library/Java/JavaVirtualMachines/jdk1.8.0_221.jdk/Contents/Home/jre/lib/libfontmanager.dylib
0x000000012ed0b000 	/Library/Java/JavaVirtualMachines/jdk1.8.0_221.jdk/Contents/Home/jre/lib/libosxui.dylib
0x00007fff3dd65000 	/System/Library/Frameworks/OpenGL.framework/Versions/A/Resources/GLEngine.bundle/GLEngine
0x00007fff3d148000 	/System/Library/Frameworks/OpenGL.framework/Versions/A/Libraries/libGLProgrammability.dylib
0x00007fff2abb9000 	/System/Library/Extensions/AppleIntelKBLGraphicsGLDriver.bundle/Contents/MacOS/AppleIntelKBLGraphicsGLDriver
0x00007fff546b7000 	/System/Library/PrivateFrameworks/GPUSupport.framework/Versions/A/Libraries/libGPUSupportMercury.dylib
0x000000012f514000 	/System/Library/Extensions/AMDRadeonX4000GLDriver.bundle/Contents/MacOS/AMDRadeonX4000GLDriver
0x00007fff26632000 	/System/Library/Extensions/AMDRadeonX4000GLDriver.bundle/Contents/MacOS/ATIRadeonX4000SCLib.dylib
0x00007fff27b42000 	/System/Library/Extensions/AMDShared.bundle/Contents/PlugIns/libSC.dylib
0x00007fff3dedf000 	/System/Library/Frameworks/OpenGL.framework/Versions/A/Resources/GLRendererFloat.bundle/GLRendererFloat
0x00007fff3c701000 	/System/Library/Frameworks/OpenCL.framework/Versions/A/Libraries/libcldcpuengine.dylib
0x00007fff67250000 	/System/Library/PrivateFrameworks/login.framework/Versions/A/login
0x000000012f9b3000 	/Library/Java/JavaVirtualMachines/jdk1.8.0_221.jdk/Contents/Home/jre/lib/libnet.dylib
0x000000012f90c000 	/Library/Java/JavaVirtualMachines/jdk1.8.0_221.jdk/Contents/Home/jre/lib/libnio.dylib
0x00007fff55b68000 	/System/Library/PrivateFrameworks/HDRProcessing.framework/Versions/A/HDRProcessing
0x000000016425f000 	/Library/Java/JavaVirtualMachines/jdk1.8.0_221.jdk/Contents/Home/jre/lib/libdcpr.dylib
0x00007fff4928b000 	/System/Library/PrivateFrameworks/CloudDocs.framework/Versions/A/CloudDocs
0x00007fff6310e000 	/System/Library/PrivateFrameworks/SpotlightIndex.framework/Versions/A/SpotlightIndex
0x00007fff5e03c000 	/System/Library/PrivateFrameworks/PowerLog.framework/Versions/A/PowerLog

VM Arguments:
java_command: CPUEmulatorMain
java_class_path (initial): :bin/classes:bin/lib/Hack.jar:bin/lib/HackGUI.jar:bin/lib/Simulators.jar:bin/lib/SimulatorsGUI.jar:bin/lib/Compilers.jar
Launcher Type: SUN_STANDARD

Environment Variables:
JAVA_HOME=/Library/Java/JavaVirtualMachines/jdk1.8.0_221.jdk/Contents/Home
PATH=/Users/s0j029r/.rvm/gems/ruby-2.6.3/bin:/Users/s0j029r/.rvm/gems/ruby-2.6.3@global/bin:/Users/s0j029r/.rvm/rubies/ruby-2.6.3/bin:/usr/local/smlnj/bin:/Users/s0j029r/.nvm/versions/node/v15.2.1/bin:/usr/local/bin:/usr/bin:/bin:/usr/sbin:/sbin:/Library/Apple/usr/bin:/Users/s0j029r/Library/Android/sdk/platform-tools/:/Users/s0j029r/Library/Android/sdk/tools:/Users/s0j029r/.rvm/bin
SHELL=/bin/bash

Signal Handlers:
SIGSEGV: [libjvm.dylib+0x5b71a7], sa_mask[0]=11111111011111110111111111111111, sa_flags=SA_ONSTACK|SA_RESTART|SA_SIGINFO
SIGBUS: [libjvm.dylib+0x5b71a7], sa_mask[0]=11111111011111110111111111111111, sa_flags=SA_RESTART|SA_SIGINFO
SIGFPE: [libjvm.dylib+0x48c8fc], sa_mask[0]=11111111011111110111111111111111, sa_flags=SA_RESTART|SA_SIGINFO
SIGPIPE: [libjvm.dylib+0x48c8fc], sa_mask[0]=11111111011111110111111111111111, sa_flags=SA_RESTART|SA_SIGINFO
SIGXFSZ: [libjvm.dylib+0x48c8fc], sa_mask[0]=11111111011111110111111111111111, sa_flags=SA_RESTART|SA_SIGINFO
SIGILL: [libjvm.dylib+0x48c8fc], sa_mask[0]=11111111011111110111111111111111, sa_flags=SA_RESTART|SA_SIGINFO
SIGUSR1: SIG_DFL, sa_mask[0]=11011111011111100000000111000110, sa_flags=none
SIGUSR2: [libjvm.dylib+0x48c41a], sa_mask[0]=00000000000000000000000000000000, sa_flags=SA_RESTART|SA_SIGINFO
SIGHUP: [libjvm.dylib+0x48a9a5], sa_mask[0]=11111111011111110111111111111111, sa_flags=SA_RESTART|SA_SIGINFO
SIGINT: SIG_IGN, sa_mask[0]=00000000000000000000000000000000, sa_flags=none
SIGTERM: [libjvm.dylib+0x48a9a5], sa_mask[0]=11111111011111110111111111111111, sa_flags=SA_RESTART|SA_SIGINFO
SIGQUIT: [libjvm.dylib+0x48a9a5], sa_mask[0]=11111111011111110111111111111111, sa_flags=SA_RESTART|SA_SIGINFO


---------------  S Y S T E M  ---------------

OS:Bsduname:Darwin 19.6.0 Darwin Kernel Version 19.6.0: Tue Jan 12 22:13:05 PST 2021; root:xnu-6153.141.16~1/RELEASE_X86_64 x86_64
rlimit: STACK 8192k, CORE 0k, NPROC 5568, NOFILE 10240, AS infinity
load average:2.80 2.16 1.98

CPU:total 16 (initial active 16) (8 cores per cpu, 2 threads per core) family 6 model 158 stepping 13, cmov, cx8, fxsr, mmx, sse, sse2, sse3, ssse3, sse4.1, sse4.2, popcnt, avx, avx2, aes, clmul, erms, 3dnowpref, lzcnt, ht, tsc, tscinvbit, bmi1, bmi2, adx

Memory: 4k page, physical 33554432k(2030068k free)

/proc/meminfo:


vm_info: Java HotSpot(TM) 64-Bit Server VM (25.221-b11) for bsd-amd64 JRE (1.8.0_221-b11), built on Jul  4 2019 04:36:22 by "java_re" with gcc 4.2.1 (Based on Apple Inc. build 5658) (LLVM build 2336.11.00)

time: Sun Apr  4 19:54:47 2021
timezone: PDT
elapsed time: 24300 seconds (0d 6h 45m 0s)

